make.exe all --print-data-base --no-builtin-variables --no-builtin-rules --question
make: *** No rule to make target 'all'.  Stop.

# GNU Make 4.3
# Built for x86_64-pc-msys
# Copyright (C) 1988-2020 Free Software Foundation, Inc.
# License GPLv3+: GNU GPL version 3 or later <http://gnu.org/licenses/gpl.html>
# This is free software: you are free to change and redistribute it.
# There is NO WARRANTY, to the extent permitted by law.
 

# Make data base, printed on Sat May 14 21:27:43 2022
 

# Variables

# environment
FPS_BROWSER_APP_PROFILE_STRING = Internet Explorer
# environment
SYSTEMDRIVE = C:
# environment
JAVA_HOME = C:\Users\Ivan\AppData\Local\Programs\Eclipse Adoptium\jdk-17.0.1.12-hotspot\
# makefile (from '/opt/devkitpro/devkitARM/base_rules', line 6)
PORTLIBS_PATH := /opt/devkitpro/portlibs
# makefile (from '/opt/devkitpro/devkitARM/base_tools', line 23)
AS := arm-none-eabi-as
# makefile (from 'Makefile', line 70)
OUTPUT := /home/Ivan/Desktop/Proyecto/Proyecto
# environment
LC_ALL = C
# makefile (from '/opt/devkitpro/devkitARM/base_tools', line 24)
AR := arm-none-eabi-gcc-ar
# makefile (from '/opt/devkitpro/devkitARM/ds_rules', line 16)
GAME_SUBTITLE1 := built with devkitARM
# environment
USERPROFILE = C:\Users\Ivan
# makefile (from 'Makefile', line 99)
OFILES := soundbank.bin.o Fondo_juego.o Puerta.o PuertaAbierta.o fondo_inicio.o fondo_inicio2.o game_over.o persone.o  fondos.o graficos.o juego.o main.o perifericos.o rutinasAtencion.o snake_alpha.o sprites.o subrutinas.o  
# environment
LOCALAPPDATA = C:\Users\Ivan\AppData\Local
# environment
VSCODE_IPC_HOOK_EXTHOST = \\.\pipe\vscode-ipc-c9ecc726-09d7-434e-9bf1-d1d36daa7a01-sock
# makefile (from 'Makefile', line 72)
VPATH := /home/Ivan/Desktop/Proyecto/source  /home/Ivan/Desktop/Proyecto/gfx /home/Ivan/Desktop/Proyecto/audio
# makefile (from 'Makefile', line 79)
CFILES := fondos.c graficos.c juego.c main.c perifericos.c rutinasAtencion.c snake_alpha.c sprites.c subrutinas.c
# environment
VSCODE_CWD = C:\Users\Ivan\AppData\Local\Programs\Microsoft VS Code
# environment
SYSTEMROOT = C:\WINDOWS
# makefile (from 'Makefile', line 54)
LIBS := -lmm9 -lnds9
# makefile (from '/opt/devkitpro/devkitARM/base_tools', line 43)
SILENTMSG := @echo
# makefile (from 'Makefile', line 105)
AUDIOFILES := 
# environment
PROCESSOR_LEVEL = 6
# environment
PSMODULEPATH = C:\Program Files\WindowsPowerShell\Modules;C:\WINDOWS\system32\WindowsPowerShell\v1.0\Modules
# default
MAKE_COMMAND := make
# automatic
@D = $(patsubst %/,%,$(dir $@))
# environment
CHROME_CRASHPAD_PIPE_NAME = \\.\pipe\crashpad_19444_OMKLMIZNVFGUFHOE
# makefile (from 'Makefile', line 80)
CPPFILES := 
# environment
FPS_BROWSER_USER_PROFILE_STRING = Default
# environment
VSCODE_HANDLES_UNCAUGHT_ERRORS = true
# default
.VARIABLES := 
# automatic
%D = $(patsubst %/,%,$(dir $%))
# automatic
^D = $(patsubst %/,%,$(dir $^))
# environment
VSCODE_LOG_STACK = false
# automatic
%F = $(notdir $%)
# environment
VSCODE_CODE_CACHE_PATH = C:\Users\Ivan\AppData\Roaming\Code\CachedData\da15b6fd3ef856477bf6f4fb29ba1b7af717770d
# makefile (from '/opt/devkitpro/devkitARM/ds_rules', line 9)
LIBNDS := /opt/devkitpro/libnds
# environment
LANG = C
# default
 
.LOADED := 
# environment
TMP = /home/Ivan/AppData/Local/Temp
# default
.INCLUDE_DIRS = /usr/include /usr/include
# makefile
MAKEFLAGS = pqrR
# makefile (from 'Makefile', line 81)
SFILES := 
# environment
INTEL_DEV_REDIST = C:\Program Files (x86)\Common Files\Intel\Shared Libraries\
# environment
ONEDRIVE = C:\Users\Ivan\OneDrive
# environment
DEVKITARM = /opt/devkitpro/devkitARM
# makefile
CURDIR := /home/Ivan/Desktop/Proyecto
# environment
VSCODE_PIPE_LOGGING = true
# environment
APPLICATION_INSIGHTS_NO_DIAGNOSTIC_CHANNEL = 1
# automatic
*D = $(patsubst %/,%,$(dir $*))
# makefile (from 'Makefile', line 77)
DEPSDIR := /home/Ivan/Desktop/Proyecto/build
# environment
PROGRAMFILES = C:\Program Files
# environment
MFLAGS = -pqrR
# default
.SHELLFLAGS := -c
# environment
!C: = c:\Users\Ivan\Desktop\Proyecto
# environment
COMMONPROGRAMW6432 = C:\Program Files\Common Files
# automatic
+D = $(patsubst %/,%,$(dir $+))
# makefile (from '/opt/devkitpro/devkitARM/base_tools', line 1)
MAKEFILE_LIST := Makefile /opt/devkitpro/devkitARM/ds_rules /opt/devkitpro/devkitARM/base_rules /opt/devkitpro/devkitARM/base_tools
# makefile (from 'Makefile', line 47)
ASFLAGS := -g -mthumb -mthumb-interwork
# automatic
@F = $(notdir $@)
# environment
VSCODE_VERBOSE_LOGGING = true
# environment
VSCODE_PID = 19444
# automatic
?D = $(patsubst %/,%,$(dir $?))
# environment
__PSLOCKDOWNPOLICY = 0
# makefile (from '/opt/devkitpro/devkitARM/base_tools', line 28)
RANLIB := arm-none-eabi-gcc-ranlib
# environment
DEVKITPPC = /opt/devkitpro/devkitPPC
# makefile (from 'Makefile', line 29)
INCLUDES := include
# automatic
*F = $(notdir $*)
# automatic
<D = $(patsubst %/,%,$(dir $<))
# makefile (from '/opt/devkitpro/devkitARM/ds_rules', line 24)
GAME_ICON := /opt/devkitpro/libnds/icon.bmp
# environment
VSCODE_NLS_CONFIG = {"locale":"es","availableLanguages":{"*":"es"},"_languagePackId":"125a9a608456aa5e8a25d0a18c7b1d68.es","_translationsConfigFile":"C:\\Users\\Ivan\\AppData\\Roaming\\Code\\clp\\125a9a608456aa5e8a25d0a18c7b1d68.es\\tcf.json","_cacheRoot":"C:\\Users\\Ivan\\AppData\\Roaming\\Code\\clp\\125a9a608456aa5e8a25d0a18c7b1d68.es","_resolvedLanguagePackCoreLocation":"C:\\Users\\Ivan\\AppData\\Roaming\\Code\\clp\\125a9a608456aa5e8a25d0a18c7b1d68.es\\da15b6fd3ef856477bf6f4fb29ba1b7af717770d","_corruptedFile":"C:\\Users\\Ivan\\AppData\\Roaming\\Code\\clp\\125a9a608456aa5e8a25d0a18c7b1d68.es\\corrupted.info","_languagePackSupport":true}
# makefile (from 'Makefile', line 107)
INCLUDE := -I/home/Ivan/Desktop/Proyecto/include -I/opt/devkitpro/libnds/include -I/opt/devkitpro/libnds/include -I/home/Ivan/Desktop/Proyecto/build
 
# environment
ONEDRIVECONSUMER = C:\Users\Ivan\OneDrive
# default
MAKE_HOST := x86_64-pc-msys
# environment
PROGRAMDATA = C:\ProgramData
# default
SHELL := /bin/sh
# environment
HOMEPATH = \Users\Ivan
# default
MAKECMDGOALS := all
# environment
DRIVERDATA = C:\Windows\System32\Drivers\DriverData
# environment
COMSPEC = C:\WINDOWS\system32\cmd.exe
# environment
FR_CUSTOMDATA_PATH = D:\FaceRig\Mod\VP\PC_CustomData"
# environment
WINDIR = C:\WINDOWS
# makefile (from 'Makefile', line 82)
BINFILES :=  soundbank.bin
# environment
MAKELEVEL := 0
# makefile (from 'Makefile', line 112)
LIBPATHS := -L/opt/devkitpro/libnds/lib
# default
MAKE = $(MAKE_COMMAND)
# makefile (from '/opt/devkitpro/devkitARM/base_tools', line 14)
PATH := /opt/devkitpro/tools/bin:/opt/devkitpro/devkitARM/bin:/opt/devkitpro/msys2/usr/bin:/c/Program Files (x86)/Common Files/Oracle/Java/javapath:/c/Program Files (x86)/Common Files/Intel/Shared Libraries/redist/intel64/compiler:/c/ProgramData/Oracle/Java/javapath:/c/Program Files (x86)/Intel/iCLS Client:/c/Program Files/Intel/iCLS Client:/c/Windows/system32:/c/Windows:/c/Windows/System32/Wbem:/c/Windows/System32/WindowsPowerShell/v1.0:/c/Program Files (x86)/Intel/Intel(R) Management Engine Components/DAL:/c/Program Files/Intel/Intel(R) Management Engine Components/DAL:/c/Program Files (x86)/Intel/Intel(R) Management Engine Components/IPT:/c/Program Files/Intel/Intel(R) Management Engine Components/IPT:/c/WINDOWS/system32:/c/WINDOWS:/c/WINDOWS/System32/Wbem:/c/WINDOWS/System32/WindowsPowerShell/v1.0:/c/Program Files (x86)/GtkSharp/2.12/bin:/c/WINDOWS/System32/OpenSSH:/c/Program Files/NVIDIA Corporation/NVIDIA NvDLISR:/c/Program Files (x86)/NVIDIA Corporation/PhysX/Common:/c/WINDOWS/system32:/c/WINDOWS:/c/WINDOWS/System32/Wbem:/c/WINDOWS/System32/WindowsPowerShell/v1.0:/c/WINDOWS/System32/OpenSSH:/c/Program Files/dotnet:/c/Program Files/Microsoft SQL Server/130/Tools/Binn:/c/Program Files/Microsoft SQL Server/Client SDK/ODBC/170/Tools/Binn:/c/Program Files (x86)/Microsoft SQL Server/100/Tools/Binn:/c/Program Files/Microsoft SQL Server/100/Tools/Binn:/c/Program Files/Microsoft SQL Server/100/DTS/Binn:/d/Brackets/command:/c/lua:/c/Program Files/nodejs:/c/GNAT/2021/bin:/c/Program Files/Git/cmd:/home/Ivan/AppData/Local/Programs/Eclipse Adoptium/jdk-17.0.1.12-hotspot/bin:/home/Ivan/AppData/Local/Microsoft/WindowsApps:/d/ffmpeg/bin:/c/lua:/home/Ivan/AppData/Roaming/npm:/d/IntelliJ IDEA 2021.3.3/bin:/home/Ivan/AppData/Local/GitHubDesktop/bin
# environment
COMPUTERNAME = DESKTOP-T5H1A56
# default
MAKEFILES := 
# automatic
^F = $(notdir $^)
# makefile (from '/opt/devkitpro/devkitARM/base_tools', line 5)
UNAME_R := 3.3.4-341.x86_64
# environment
PROMPT = $P$G
# environment
INTELLIJ IDEA = D:\IntelliJ IDEA 2021.3.3\bin;
# makefile (from '/opt/devkitpro/devkitARM/base_tools', line 19)
PREFIX := arm-none-eabi-
# makefile (from 'Makefile', line 61)
LIBDIRS := /opt/devkitpro/libnds
# environment
LOGONSERVER = \\DESKTOP-T5H1A56
# environment
VSCODE_LOG_NATIVE = false
# environment
USERNAME = Ivan
# environment
COMMONPROGRAMFILES = C:\Program Files\Common Files
# automatic
?F = $(notdir $?)
# makefile (from '/opt/devkitpro/devkitARM/base_tools', line 50)
bin2o = 	bin2s -a 4 -H `(echo $(<F) | tr . _)`.h $< | $(AS) -o $(<F).o
# environment
PROGRAMW6432 = C:\Program Files
# environment
DEVKITPRO = /opt/devkitpro
# makefile (from '/opt/devkitpro/devkitARM/base_tools', line 4)
UNAME_S := MSYS_NT-10.0-19044
 
# environment
PATHEXT = .COM;.EXE;.BAT;.CMD;.VBS;.VBE;.JS;.JSE;.WSF;.WSH;.MSC
# automatic
+F = $(notdir $+)
# environment
ORIGINAL_XDG_CURRENT_DESKTOP = undefined
# environment
USERDOMAIN = DESKTOP-T5H1A56
# 'override' directive
GNUMAKEFLAGS := 
# environment
VS140COMNTOOLS = C:\Program Files (x86)\Microsoft Visual Studio 14.0\Common7\Tools\
# environment
OS = Windows_NT
# makefile (from '/opt/devkitpro/devkitARM/ds_rules', line 20)
GAME_SUBTITLE2 := http://devkitpro.org
# makefile (from '/opt/devkitpro/devkitARM/ds_rules', line 12)
GAME_TITLE := 
# makefile
.DEFAULT_GOAL := build
# makefile (from 'Makefile', line 37)
ARCH := -mthumb -mthumb-interwork
# makefile (from 'Makefile', line 83)
PNGFILES := Fondo_juego.png Puerta.png PuertaAbierta.png fondo_inicio.png fondo_inicio2.png game_over.png persone.png
# default
MAKE_VERSION := 4.3
# 'override' directive
.SHELLSTATUS := 0
# makefile (from '/opt/devkitpro/devkitARM/base_tools', line 44)
SILENTCMD := @
# environment
PROGRAMFILES(X86) = C:\Program Files (x86)
# makefile (from 'Makefile', line 26)
BUILD := build
# makefile (from 'Makefile', line 48)
LDFLAGS = -specs=ds_arm9.specs -g $(ARCH) -Wl,-Map,$(notdir $*.map)
# environment
USERDOMAIN_ROAMINGPROFILE = DESKTOP-T5H1A56
# environment
NUMBER_OF_PROCESSORS = 4
# makefile (from '/opt/devkitpro/devkitARM/base_tools', line 30)
ISVC = $(or $(VCBUILDHELPER_COMMAND),$(MSBUILDEXTENSIONSPATH32),$(MSBUILDEXTENSIONSPATH))
# environment
PUBLIC = C:\Users\Public
# environment
ASL.LOG = Destination=file
# environment
APPDATA = C:\Users\Ivan\AppData\Roaming
# makefile (from 'Makefile', line 44)
CFLAGS := -g -Wall -O2 -march=armv5te -mtune=arm946e-s -fomit-frame-pointer -ffast-math -mthumb -mthumb-interwork  -DARM9
# environment
HOMEDRIVE = C:
# environment
GTK_BASEPATH = C:\Program Files (x86)\GtkSharp\2.12\
# makefile (from 'Makefile', line 32)
SOUNDBANK_NAME := soundbank
# environment
PROCESSOR_ARCHITECTURE = AMD64
# environment
VSCODE_AMD_ENTRYPOINT = vs/workbench/api/node/extensionHostProcess
# environment
HOME = /home/Ivan
# environment
COMMONPROGRAMFILES(X86) = C:\Program Files (x86)\Common Files
# makefile (from '/opt/devkitpro/devkitARM/base_tools', line 13)
DEVKITPATH = $(shell echo "$(DEVKITPRO)" | sed -e 's/^\([a-zA-Z]\):/\/\1/')
# makefile (from '/opt/devkitpro/devkitARM/ds_rules', line 7)
PORTLIBS := /opt/devkitpro/portlibs/nds /opt/devkitpro/portlibs/armv5te
# environment
ELECTRON_RUN_AS_NODE = 1
# environment
TEMP = /home/Ivan/AppData/Local/Temp
# environment
VSCODE_IPC_HOOK = \\.\pipe\11f8232b86d218e6675845479b472ba2-1.67.1-main-sock
# environment
TERM = xterm-256color
# makefile (from '/opt/devkitpro/devkitARM/base_tools', line 27)
NM := arm-none-eabi-gcc-nm
# default
.RECIPEPREFIX := 
 
# automatic
<F = $(notdir $<)
# default
SUFFIXES := 
# environment
ALLUSERSPROFILE = C:\ProgramData
# makefile (from 'Makefile', line 25)
TARGET := Proyecto
# makefile (from 'Makefile', line 90)
LD := arm-none-eabi-gcc
# environment
SESSIONNAME = Console
# makefile (from 'Makefile', line 45)
CXXFLAGS := -g -Wall -O2 -march=armv5te -mtune=arm946e-s -fomit-frame-pointer -ffast-math -mthumb -mthumb-interwork  -DARM9 -fno-rtti -fno-exceptions
# environment
OPENSSL_IA32CAP = :~0x20000000
# makefile (from '/opt/devkitpro/devkitARM/base_tools', line 26)
STRIP := arm-none-eabi-strip
# default
.FEATURES := target-specific order-only second-expansion else-if shortest-stem undefine oneshell nocomment grouped-target extra-prereqs archives jobserver output-sync check-symlink load
# environment
MIC_LD_LIBRARY_PATH = C:\Program Files (x86)\Common Files\Intel\Shared Libraries\compiler\lib\mic
# environment
PROCESSOR_REVISION = 5e03
# makefile (from '/opt/devkitpro/devkitARM/base_tools', line 22)
CXX := arm-none-eabi-g++
# makefile (from '/opt/devkitpro/devkitARM/base_tools', line 21)
CC := arm-none-eabi-gcc
# makefile (from '/opt/devkitpro/devkitARM/base_tools', line 25)
OBJCOPY := arm-none-eabi-objcopy
# makefile (from 'Makefile', line 31)
AUDIO := audio
# makefile (from 'Makefile', line 27)
SOURCES := source
# makefile (from 'Makefile', line 28)
DATA := 
# makefile (from 'Makefile', line 30)
GRAPHICS := gfx
# environment
PROCESSOR_IDENTIFIER = Intel64 Family 6 Model 94 Stepping 3, GenuineIntel
# variable set hash-table stats:
# Load=162/1024=16%, Rehash=0, Collisions=29/290=10%

# Pattern-specific Variable Values

# No pattern-specific variable values.

# Directories

# audio: could not be stat'd.
# /home/Ivan/Desktop/Proyecto/source (device 3801239264, inode 14355223812671915): 11 files, no impossibilities.
# . (device 3801239264, inode 14073748835937805): 12 files, no impossibilities.
# source (device 3801239264, inode 14355223812671915): 11 files, no impossibilities.
# gfx (device 3801239264, inode 10696049115433653): 16 files, no impossibilities.
# /home/Ivan/Desktop/Proyecto/audio: could not be stat'd.
 
# /home/Ivan/Desktop/Proyecto/gfx (device 3801239264, inode 10696049115433653): 16 files, no impossibilities.

# 66 files, no impossibilities in 7 directories.

# Implicit Rules

%.a:
#  recipe to execute (from '/opt/devkitpro/devkitARM/base_rules', line 12):
	$(SILENTMSG) $(notdir $@)
	@rm -f $@
	$(SILENTCMD)$(AR) -rc $@ $^

%.arm.o: %.arm.cpp
#  recipe to execute (from '/opt/devkitpro/devkitARM/base_rules', line 18):
	$(SILENTMSG) $(notdir $<)
	$(SILENTCMD)$(CXX) -MMD -MP -MF $(DEPSDIR)/$*.arm.d $(CXXFLAGS) -marm -c $< -o $@ $(ERROR_FILTER)

%.arm.o: %.arm.c
#  recipe to execute (from '/opt/devkitpro/devkitARM/base_rules', line 23):
	$(SILENTMSG) $(notdir $<)
	$(SILENTCMD)$(CC) -MMD -MP -MF $(DEPSDIR)/$*.arm.d $(CFLAGS) -marm -c $< -o $@ $(ERROR_FILTER)

%.arm.o: %.arm.m
#  recipe to execute (from '/opt/devkitpro/devkitARM/base_rules', line 28):
	$(SILENTMSG) $(notdir $<)
	$(SILENTCMD)$(CC) -MMD -MP -MF $(DEPSDIR)/$*.arm.d $(OBJCFLAGS) -marm -c $< -o $@ $(ERROR_FILTER)

%.thumb.o: %.thumb.cpp
#  recipe to execute (from '/opt/devkitpro/devkitARM/base_rules', line 33):
	$(SILENTMSG) $(notdir $<)
	$(SILENTCMD)$(CXX) -MMD -MP -MF $(DEPSDIR)/$*.thumb.d $(CXXFLAGS) -mthumb -c $< -o $@ $(ERROR_FILTER)

%.thumb.o: %.thumb.c
#  recipe to execute (from '/opt/devkitpro/devkitARM/base_rules', line 38):
	$(SILENTMSG) $(notdir $<)
	$(SILENTCMD)$(CC) -MMD -MP -MF $(DEPSDIR)/$*.thumb.d $(CFLAGS) -mthumb -c $< -o $@ $(ERROR_FILTER)

%.thumb.o: %.thumb.m
#  recipe to execute (from '/opt/devkitpro/devkitARM/base_rules', line 43):
	$(SILENTMSG) $(notdir $<)
	$(SILENTCMD)$(CC) -MMD -MP -MF $(DEPSDIR)/$*.thumb.d $(OBJCFLAGS) -mthumb -c $< -o $@ $(ERROR_FILTER)

%.iwram.o: %.iwram.cpp
#  recipe to execute (from '/opt/devkitpro/devkitARM/base_rules', line 48):
	$(SILENTMSG) $(notdir $<)
	$(SILENTCMD)$(CXX) -MMD -MP -MF $(DEPSDIR)/$*.iwram.d $(CXXFLAGS) -marm -mlong-calls -c $< -o $@ $(ERROR_FILTER)

%.iwram.o: %.iwram.c
#  recipe to execute (from '/opt/devkitpro/devkitARM/base_rules', line 53):
	$(SILENTMSG) $(notdir $<)
	$(SILENTCMD)$(CC) -MMD -MP -MF $(DEPSDIR)/$*.iwram.d $(CFLAGS) -marm -mlong-calls -c $< -o $@ $(ERROR_FILTER)

%.iwram.o: %.iwram.m
#  recipe to execute (from '/opt/devkitpro/devkitARM/base_rules', line 58):
	$(SILENTMSG) $(notdir $<)
	$(SILENTCMD)$(CC) -MMD -MP -MF $(DEPSDIR)/$*.iwram.d $(OBJCFLAGS) -marm -mlong-calls -c $< -o $@ $(ERROR_FILTER)

%.itcm.o: %.itcm.cpp
#  recipe to execute (from '/opt/devkitpro/devkitARM/base_rules', line 63):
	$(SILENTMSG) $(notdir $<)
	$(SILENTCMD)$(CXX) -MMD -MP -MF $(DEPSDIR)/$*.itcm.d $(CXXFLAGS) -marm -mlong-calls -c $< -o $@ $(ERROR_FILTER)

%.itcm.o: %.itcm.c
#  recipe to execute (from '/opt/devkitpro/devkitARM/base_rules', line 68):
	$(SILENTMSG) $(notdir $<)
	$(SILENTCMD)$(CC) -MMD -MP -MF $(DEPSDIR)/$*.itcm.d $(CFLAGS) -marm -mlong-calls -c $< -o $@ $(ERROR_FILTER)

%.itcm.o: %.itcm.m
#  recipe to execute (from '/opt/devkitpro/devkitARM/base_rules', line 73):
	$(SILENTMSG) $(notdir $<)
	$(SILENTCMD)$(CC) -MMD -MP -MF $(DEPSDIR)/$*.itcm.d $(OBJCFLAGS) -marm -mlong-calls -c $< -o $@ $(ERROR_FILTER)

%.o: %.cpp
#  recipe to execute (from '/opt/devkitpro/devkitARM/base_rules', line 79):
	$(SILENTMSG) $(notdir $<)
	$(SILENTCMD)$(CXX) -MMD -MP -MF $(DEPSDIR)/$*.d $(CXXFLAGS) -c $< -o $@ $(ERROR_FILTER)

%.o: %.c
#  recipe to execute (from '/opt/devkitpro/devkitARM/base_rules', line 84):
	$(SILENTMSG) $(notdir $<)
	$(SILENTCMD)$(CC) -MMD -MP -MF $(DEPSDIR)/$*.d $(CFLAGS) -c $< -o $@ $(ERROR_FILTER)

%.o: %.m
#  recipe to execute (from '/opt/devkitpro/devkitARM/base_rules', line 89):
	$(SILENTMSG) $(notdir $<)
	$(SILENTCMD)$(CC) -MMD -MP -MF $(DEPSDIR)/$*.d $(OBJCFLAGS) -c $< -o $@ $(ERROR_FILTER)

%.o: %.s
#  recipe to execute (from '/opt/devkitpro/devkitARM/base_rules', line 94):
	$(SILENTMSG) $(notdir $<)
	$(SILENTCMD)$(CC) -MMD -MP -MF $(DEPSDIR)/$*.d -x assembler-with-cpp $(ASFLAGS) -c $< -o $@ $(ERROR_FILTER)

%.o: %.S
#  recipe to execute (from '/opt/devkitpro/devkitARM/base_rules', line 99):
	$(SILENTMSG) $(notdir $<)
	$(SILENTCMD)$(CC) -MMD -MP -MF $(DEPSDIR)/$*.d -x assembler-with-cpp $(ASFLAGS) -c $< -o $@ $(ERROR_FILTER)

%.nds: %.arm9
#  recipe to execute (from '/opt/devkitpro/devkitARM/ds_rules', line 33):
	$(SILENTCMD)ndstool -c $@ -9 $< -b $(GAME_ICON) "$(GAME_TITLE);$(GAME_SUBTITLE1);$(GAME_SUBTITLE2)" $(_ADDFILES)
	@echo built ... $(notdir $@)

 
%.nds: %.elf
#  recipe to execute (from '/opt/devkitpro/devkitARM/ds_rules', line 38):
	$(SILENTCMD)ndstool -c $@ -9 $< -b $(GAME_ICON) "$(GAME_TITLE);$(GAME_SUBTITLE1);$(GAME_SUBTITLE2)" $(_ADDFILES)
	$(SILENTMSG) built ... $(notdir $@)

%.arm9: %.elf
#  recipe to execute (from '/opt/devkitpro/devkitARM/ds_rules', line 43):
	$(SILENTCMD)$(OBJCOPY) -O binary $< $@
	$(SILENTMSG) built ... $(notdir $@)

%.arm7: %.elf
#  recipe to execute (from '/opt/devkitpro/devkitARM/ds_rules', line 48):
	$(SILENTCMD)$(OBJCOPY) -O binary $< $@
	$(SILENTMSG) built ... $(notdir $@)

%.elf:
#  recipe to execute (from '/opt/devkitpro/devkitARM/ds_rules', line 53):
	$(SILENTMSG) linking $(notdir $@)
	$(SILENTCMD)$(LD)  $(LDFLAGS) $(OFILES) $(LIBPATHS) $(LIBS) -o $@

# 23 implicit rules, 0 (0.0%) terminal.
# Files

# Not a target:
/opt/devkitpro/devkitARM/base_tools:
#  Implicit rule search has been done.
#  Last modified 2020-07-28 04:27:14
#  File has been updated.
#  Successfully updated.

# Not a target:
Makefile:
#  Implicit rule search has been done.
#  Last modified 2022-05-10 06:46:36
#  File has been updated.
#  Successfully updated.

clean:
#  Phony target (prerequisite of .PHONY).
#  Implicit rule search has not been done.
#  File does not exist.
#  File has not been updated.
#  recipe to execute (from 'Makefile', line 123):
	@echo clean ...
	@rm -fr $(BUILD) $(TARGET).elf $(TARGET).nds $(TARGET).arm9

# Not a target:
/opt/devkitpro/devkitARM/base_rules:
#  Implicit rule search has been done.
#  Last modified 2020-07-28 04:27:14
#  File has been updated.
#  Successfully updated.

# Not a target:
.DEFAULT:
#  Implicit rule search has not been done.
#  Modification time never checked.
#  File has not been updated.

# Not a target:
/opt/devkitpro/devkitARM/ds_rules:
#  Implicit rule search has been done.
#  Last modified 2020-07-28 04:27:14
#  File has been updated.
#  Successfully updated.

# Not a target:
all:
#  Command line target.
#  Implicit rule search has been done.
#  File does not exist.
#  File has not been updated.

build:
 
#  Phony target (prerequisite of .PHONY).
#  Implicit rule search has not been done.
#  File does not exist.
#  File has not been updated.
#  recipe to execute (from 'Makefile', line 118):
	@[ -d $@ ] || mkdir -p $@
	@make --no-print-directory -C $(BUILD) -f $(CURDIR)/Makefile

.SUFFIXES:
#  Implicit rule search has not been done.
#  Modification time never checked.
#  File has not been updated.

.PHONY: build clean
#  Implicit rule search has not been done.
#  Modification time never checked.
#  File has not been updated.

# files hash-table stats:
# Load=10/1024=1%, Rehash=0, Collisions=0/32=0%
# VPATH Search Paths

# No 'vpath' search paths.

# General ('VPATH' variable) search path:
# /home/Ivan/Desktop/Proyecto/source:/home/Ivan/Desktop/Proyecto/gfx:/home/Ivan/Desktop/Proyecto/audio

# strcache buffers: 1 (0) / strings = 76 / storage = 892 B / avg = 11 B
# current buf: size = 8162 B / used = 892 B / count = 76 / avg = 11 B

# strcache performance: lookups = 117 / hit rate = 35%
# hash-table stats:
# Load=76/8192=1%, Rehash=0, Collisions=3/117=3%
# Finished Make data base on Sat May 14 21:27:43 2022

 
